<?xml version="1.0" encoding="UTF-8"?>
<testng-results ignored="0" total="1" passed="1" failed="0" skipped="0">
  <reporter-output>
  </reporter-output>
  <suite started-at="2025-09-13T05:02:33 IST" name="Default suite" finished-at="2025-09-13T05:02:33 IST" duration-ms="80">
    <groups>
    </groups>
    <test started-at="2025-09-13T05:02:33 IST" name="Default test" finished-at="2025-09-13T05:02:33 IST" duration-ms="80">
      <class name="testNG.test1">
        <test-method signature="tc001()[pri:0, instance:testNG.test1@397fbdb]" started-at="2025-09-13T05:02:33 IST" name="tc001" finished-at="2025-09-13T05:02:33 IST" duration-ms="13" status="PASS">
          <reporter-output>
          </reporter-output>
        </test-method> <!-- tc001 -->
      </class> <!-- testNG.test1 -->
    </test> <!-- Default test -->
  </suite> <!-- Default suite -->
</testng-results>
